<?xml version="1.0" encoding="UTF-8"?>
<!-- Generated by org.testng.reporters.JUnitReportReporter -->
<testsuite hostname="LAPTOP-58598IPQ" name="academy.testcases.VerifyTitleTest" tests="1" failures="0" timestamp="8 Aug 2020 18:35:56 GMT" time="4.645" errors="0">
  <testcase name="verifyTitle" time="4.645" classname="academy.testcases.VerifyTitleTest"/>
</testsuite> <!-- academy.testcases.VerifyTitleTest -->
