<?xml version="1.0" encoding="UTF-8"?>
<!-- Generated by org.testng.reporters.JUnitReportReporter -->
<testsuite hostname="LAPTOP-58598IPQ" name="academy.testcases.HomePageTest" tests="2" failures="0" timestamp="8 Aug 2020 18:37:20 GMT" time="11.270" errors="0">
  <testcase name="basePageNavigation" time="7.579" classname="academy.testcases.HomePageTest"/>
  <testcase name="basePageNavigation" time="3.691" classname="academy.testcases.HomePageTest"/>
</testsuite> <!-- academy.testcases.HomePageTest -->
