<?xml version="1.0" encoding="UTF-8"?>
<!-- Generated by org.testng.reporters.JUnitReportReporter -->
<testsuite hostname="LAPTOP-58598IPQ" name="academy.HomePageTest" tests="2" failures="0" timestamp="9 Aug 2020 19:32:28 GMT" time="13.190" errors="0">
  <testcase name="basePageNavigation" time="8.399" classname="academy.HomePageTest"/>
  <testcase name="basePageNavigation" time="4.791" classname="academy.HomePageTest"/>
</testsuite> <!-- academy.HomePageTest -->
