<?xml version="1.0" encoding="UTF-8"?>
<!-- Generated by org.testng.reporters.JUnitReportReporter -->
<testsuite hostname="LAPTOP-58598IPQ" name="Academy.HomePage" tests="1" failures="0" timestamp="7 Aug 2020 18:29:15 GMT" time="8.707" errors="0">
  <testcase name="basePageNavigation" time="8.707" classname="Academy.HomePage"/>
</testsuite> <!-- Academy.HomePage -->
